<?xml version="1.0" encoding="UTF-8"?>
<!-- Generated by org.testng.reporters.JUnitReportReporter -->
<testsuite hostname="DESKTOP-F1G6BM7" failures="0" tests="2" name="TestCases.TestLoginPage" time="12.844" errors="0" timestamp="2025-09-07T11:28:38 IST" skipped="0">
  <testcase classname="TestCases.TestLoginPage" name="LoginWithValidCredentials" time="7.610"/>
  <testcase classname="TestCases.TestLoginPage" name="LoginWithInValidCredentials" time="5.234"/>
</testsuite> <!-- TestCases.TestLoginPage -->
