<?xml version="1.0" encoding="UTF-8"?>
<!-- Generated by org.testng.reporters.JUnitReportReporter -->
<testsuite hostname="DESKTOP-F1G6BM7" failures="0" tests="2" name="TestCases.TestCheckOutPage" time="12.911" errors="0" timestamp="2025-09-07T11:28:38 IST" skipped="0">
  <testcase classname="TestCases.TestCheckOutPage" name="AutomateCheckOutAndVerify" time="6.618"/>
  <testcase classname="TestCases.TestCheckOutPage" name="FinishOrderAndVerifyConfirmMassage" time="6.293"/>
</testsuite> <!-- TestCases.TestCheckOutPage -->
