<?xml version="1.0" encoding="UTF-8"?>
<!-- Generated by org.testng.reporters.JUnitReportReporter -->
<testsuite hostname="DESKTOP-F1G6BM7" failures="0" tests="1" name="TestCases.TestLockedOutUserPage" time="4.994" errors="0" timestamp="2025-09-07T23:43:46 IST" skipped="0">
  <testcase classname="TestCases.TestLockedOutUserPage" name="VerifyLockedOutUserInLogin" time="4.994"/>
</testsuite> <!-- TestCases.TestLockedOutUserPage -->
