<?xml version="1.0" encoding="UTF-8"?>
<!-- Generated by org.testng.reporters.JUnitReportReporter -->
<testsuite hostname="DESKTOP-F1G6BM7" failures="0" tests="2" name="TestCases.TestHomePage" time="14.980" errors="0" timestamp="2025-09-07T11:28:38 IST" skipped="0">
  <testcase classname="TestCases.TestHomePage" name="TestPageTitle" time="7.120"/>
  <testcase classname="TestCases.TestHomePage" name="TestPageUrl" time="7.860"/>
</testsuite> <!-- TestCases.TestHomePage -->
