<?xml version="1.0" encoding="UTF-8"?>
<!-- Generated by org.testng.reporters.JUnitReportReporter -->
<testsuite hostname="DESKTOP-F1G6BM7" failures="0" tests="2" name="TestCases.TestCheckOutPage" time="11.373" errors="0" timestamp="2025-09-07T12:14:12 IST" skipped="0">
  <testcase classname="TestCases.TestCheckOutPage" name="AutomateCheckOutAndVerify" time="5.375"/>
  <testcase classname="TestCases.TestCheckOutPage" name="FinishOrderAndVerifyConfirmMassage" time="5.998"/>
</testsuite> <!-- TestCases.TestCheckOutPage -->
