<?xml version="1.0" encoding="UTF-8"?>
<!-- Generated by org.testng.reporters.JUnitReportReporter -->
<testsuite hostname="DESKTOP-F1G6BM7" failures="0" tests="2" name="TestCases.TestAddToCartPage" time="43.345" errors="0" timestamp="2025-09-07T11:28:38 IST" skipped="0">
  <testcase classname="TestCases.TestAddToCartPage" name="TestProductVisibleOnCartBadge" time="5.986"/>
  <testcase classname="TestCases.TestAddToCartPage" name="removeAndAddProductFromCartBadge" time="37.359"/>
</testsuite> <!-- TestCases.TestAddToCartPage -->
