<?xml version="1.0" encoding="UTF-8"?>
<!-- Generated by org.testng.reporters.JUnitReportReporter -->
<testsuite hostname="DESKTOP-F1G6BM7" failures="0" tests="4" name="TestCases.TestSortingProductPage" time="28.627" errors="0" timestamp="2025-09-07T11:28:38 IST" skipped="0">
  <testcase classname="TestCases.TestSortingProductPage" name="verifyProductDisplayedInCorrectOrderPriceLowToHigh" time="7.919"/>
  <testcase classname="TestCases.TestSortingProductPage" name="verifyProductDisplayedInCorrectOrderPriceHighToLow" time="6.823"/>
  <testcase classname="TestCases.TestSortingProductPage" name="verifyProductDisplayedInCorrectOrderNameAToZ" time="6.666"/>
  <testcase classname="TestCases.TestSortingProductPage" name="verifyProductDisplayedInCorrectOrderNameZToA" time="7.219"/>
</testsuite> <!-- TestCases.TestSortingProductPage -->
