<?xml version="1.0" encoding="UTF-8"?>
<!-- Generated by org.testng.reporters.JUnitReportReporter -->
<testsuite hostname="DESKTOP-F1G6BM7" failures="0" tests="4" name="TestCases.TestSortingProductPage" time="21.480" errors="0" timestamp="2025-09-07T12:14:12 IST" skipped="0">
  <testcase classname="TestCases.TestSortingProductPage" name="verifyProductDisplayedInCorrectOrderPriceLowToHigh" time="5.171"/>
  <testcase classname="TestCases.TestSortingProductPage" name="verifyProductDisplayedInCorrectOrderPriceHighToLow" time="5.669"/>
  <testcase classname="TestCases.TestSortingProductPage" name="verifyProductDisplayedInCorrectOrderNameAToZ" time="5.165"/>
  <testcase classname="TestCases.TestSortingProductPage" name="verifyProductDisplayedInCorrectOrderNameZToA" time="5.475"/>
</testsuite> <!-- TestCases.TestSortingProductPage -->
