<?xml version="1.0" encoding="UTF-8"?>
<!-- Generated by org.testng.reporters.JUnitReportReporter -->
<testsuite hostname="DESKTOP-F1G6BM7" failures="0" tests="4" name="TestCases.TestSortingProductPage" time="22.222" errors="0" timestamp="2025-09-07T23:43:46 IST" skipped="0">
  <testcase classname="TestCases.TestSortingProductPage" name="verifyProductDisplayedInCorrectOrderPriceLowToHigh" time="5.717"/>
  <testcase classname="TestCases.TestSortingProductPage" name="verifyProductDisplayedInCorrectOrderPriceHighToLow" time="5.003"/>
  <testcase classname="TestCases.TestSortingProductPage" name="verifyProductDisplayedInCorrectOrderNameAToZ" time="5.666"/>
  <testcase classname="TestCases.TestSortingProductPage" name="verifyProductDisplayedInCorrectOrderNameZToA" time="5.836"/>
</testsuite> <!-- TestCases.TestSortingProductPage -->
