<?xml version="1.0" encoding="UTF-8"?>
<!-- Generated by org.testng.reporters.JUnitReportReporter -->
<testsuite hostname="DESKTOP-F1G6BM7" failures="0" tests="1" name="TestCases.TestCartBadgeCountValidationPage" time="6.632" errors="0" timestamp="2025-09-07T19:33:54 IST" skipped="0">
  <testcase classname="TestCases.TestCartBadgeCountValidationPage" name="ValidateCartCountBadge" time="6.632"/>
</testsuite> <!-- TestCases.TestCartBadgeCountValidationPage -->
