<?xml version="1.0" encoding="UTF-8"?>
<!-- Generated by org.testng.reporters.JUnitReportReporter -->
<testsuite hostname="DESKTOP-F1G6BM7" failures="0" tests="2" name="TestCases.TestAddToCartPage" time="47.438" errors="0" timestamp="2025-09-07T19:33:54 IST" skipped="0">
  <testcase classname="TestCases.TestAddToCartPage" name="TestProductVisibleOnCartBadge" time="6.840"/>
  <testcase classname="TestCases.TestAddToCartPage" name="removeAndAddProductFromCartBadge" time="40.598"/>
</testsuite> <!-- TestCases.TestAddToCartPage -->
