<?xml version="1.0" encoding="UTF-8"?>
<!-- Generated by org.testng.reporters.JUnitReportReporter -->
<testsuite hostname="DESKTOP-F1G6BM7" failures="0" tests="4" name="TestCases.TestSortingProductPage" time="25.947" errors="0" timestamp="2025-09-07T19:33:54 IST" skipped="0">
  <testcase classname="TestCases.TestSortingProductPage" name="verifyProductDisplayedInCorrectOrderPriceLowToHigh" time="6.235"/>
  <testcase classname="TestCases.TestSortingProductPage" name="verifyProductDisplayedInCorrectOrderPriceHighToLow" time="6.140"/>
  <testcase classname="TestCases.TestSortingProductPage" name="verifyProductDisplayedInCorrectOrderNameAToZ" time="7.579"/>
  <testcase classname="TestCases.TestSortingProductPage" name="verifyProductDisplayedInCorrectOrderNameZToA" time="5.993"/>
</testsuite> <!-- TestCases.TestSortingProductPage -->
