<?xml version="1.0" encoding="UTF-8"?>
<!-- Generated by org.testng.reporters.JUnitReportReporter -->
<testsuite hostname="DESKTOP-F1G6BM7" failures="0" tests="2" name="TestCases.TestHomePage" time="10.365" errors="0" timestamp="2025-09-07T12:14:12 IST" skipped="0">
  <testcase classname="TestCases.TestHomePage" name="TestPageTitle" time="5.075"/>
  <testcase classname="TestCases.TestHomePage" name="TestPageUrl" time="5.290"/>
</testsuite> <!-- TestCases.TestHomePage -->
