<?xml version="1.0" encoding="UTF-8"?>
<!-- Generated by org.testng.reporters.JUnitReportReporter -->
<testsuite hostname="DESKTOP-F1G6BM7" failures="0" tests="2" name="TestCases.TestAddToCartPage" time="44.201" errors="0" timestamp="2025-09-07T23:43:46 IST" skipped="0">
  <testcase classname="TestCases.TestAddToCartPage" name="TestProductVisibleOnCartBadge" time="7.506"/>
  <testcase classname="TestCases.TestAddToCartPage" name="removeAndAddProductFromCartBadge" time="36.695"/>
</testsuite> <!-- TestCases.TestAddToCartPage -->
