<?xml version="1.0" encoding="UTF-8"?>
<!-- Generated by org.testng.reporters.JUnitReportReporter -->
<testsuite hostname="DESKTOP-F1G6BM7" failures="0" tests="2" name="TestCases.TestLoginPage" time="13.946" errors="0" timestamp="2025-09-07T19:33:54 IST" skipped="0">
  <testcase classname="TestCases.TestLoginPage" name="LoginWithValidCredentials" time="5.801"/>
  <testcase classname="TestCases.TestLoginPage" name="LoginWithInValidCredentials" time="8.145"/>
</testsuite> <!-- TestCases.TestLoginPage -->
