<?xml version="1.0" encoding="UTF-8"?>
<!-- Generated by org.testng.reporters.JUnitReportReporter -->
<testsuite hostname="DESKTOP-F1G6BM7" failures="0" tests="2" name="TestCases.TestHomePage" time="13.613" errors="0" timestamp="2025-09-07T19:33:54 IST" skipped="0">
  <testcase classname="TestCases.TestHomePage" name="TestPageTitle" time="7.920"/>
  <testcase classname="TestCases.TestHomePage" name="TestPageUrl" time="5.693"/>
</testsuite> <!-- TestCases.TestHomePage -->
