<?xml version="1.0" encoding="UTF-8"?>
<!-- Generated by org.testng.reporters.JUnitReportReporter -->
<testsuite hostname="DESKTOP-F1G6BM7" failures="0" tests="2" name="TestCases.TestCheckOutPage" time="11.187" errors="0" timestamp="2025-09-07T23:43:46 IST" skipped="0">
  <testcase classname="TestCases.TestCheckOutPage" name="AutomateCheckOutAndVerify" time="5.506"/>
  <testcase classname="TestCases.TestCheckOutPage" name="FinishOrderAndVerifyConfirmMassage" time="5.681"/>
</testsuite> <!-- TestCases.TestCheckOutPage -->
