<?xml version="1.0" encoding="UTF-8"?>
<!-- Generated by org.testng.reporters.JUnitReportReporter -->
<testsuite hostname="DESKTOP-F1G6BM7" failures="0" tests="1" name="TestCases.TestLogOutPage" time="6.214" errors="0" timestamp="2025-09-07T11:28:38 IST" skipped="0">
  <testcase classname="TestCases.TestLogOutPage" name="LogOutAndVerify" time="6.214"/>
</testsuite> <!-- TestCases.TestLogOutPage -->
