<?xml version="1.0" encoding="UTF-8"?>
<!-- Generated by org.testng.reporters.JUnitReportReporter -->
<testsuite hostname="DESKTOP-F1G6BM7" failures="0" tests="2" name="TestCases.TestHomePage" time="10.843" errors="0" timestamp="2025-09-07T23:43:46 IST" skipped="0">
  <testcase classname="TestCases.TestHomePage" name="TestPageTitle" time="5.895"/>
  <testcase classname="TestCases.TestHomePage" name="TestPageUrl" time="4.948"/>
</testsuite> <!-- TestCases.TestHomePage -->
