<?xml version="1.0" encoding="UTF-8"?>
<!-- Generated by org.testng.reporters.JUnitReportReporter -->
<testsuite hostname="DESKTOP-F1G6BM7" failures="0" tests="1" name="TestCases.TestLockedOutUserPage" time="6.207" errors="0" timestamp="2025-09-07T11:28:38 IST" skipped="0">
  <testcase classname="TestCases.TestLockedOutUserPage" name="VerifyLockedOutUserInLogin" time="6.207"/>
</testsuite> <!-- TestCases.TestLockedOutUserPage -->
