<?xml version="1.0" encoding="UTF-8"?>
<!-- Generated by org.testng.reporters.JUnitReportReporter -->
<testsuite hostname="DESKTOP-F1G6BM7" failures="0" tests="2" name="TestCases.TestLoginPage" time="9.570" errors="0" timestamp="2025-09-07T23:43:46 IST" skipped="0">
  <testcase classname="TestCases.TestLoginPage" name="LoginWithValidCredentials" time="4.882"/>
  <testcase classname="TestCases.TestLoginPage" name="LoginWithInValidCredentials" time="4.688"/>
</testsuite> <!-- TestCases.TestLoginPage -->
